Using pre-set license
Built from '2020.3/release' branch; Version is '2020.3.12f1 (b3b2c6512326) revision 11776710'; Using compiler version '192528614'; Build Type 'Release'
OS: 'Windows 10 Pro; OS build 19041.1348; Version 2004; 64bit' Language: 'en' Physical Memory: 16304 MB
BatchMode: 1, IsHumanControllingUs: 0, StartBugReporterOnCrash: 0, Is64bit: 1, IsPro: 0

 COMMAND LINE ARGUMENTS:
C:\Program Files\Unity\Hub\Editor\2020.3.12f1\Editor\Unity.exe
-adb2
-batchMode
-noUpm
-name
AssetImportWorker0
-projectPath
C:/Users/David/Unity Projects/DangerZone/DangerZone
-logFile
Logs/AssetImportWorker0.log
-srvPort
56388
Successfully changed project path to: C:/Users/David/Unity Projects/DangerZone/DangerZone
C:/Users/David/Unity Projects/DangerZone/DangerZone
Using Asset Import Pipeline V2.
Refreshing native plugins compatible for Editor in 26.35 ms, found 2 plugins.
Preloading 0 native plugins for Editor in 0.00 ms.
Initialize engine version: 2020.3.12f1 (b3b2c6512326)
[Subsystems] Discovering subsystems at path C:/Program Files/Unity/Hub/Editor/2020.3.12f1/Editor/Data/Resources/UnitySubsystems
[Subsystems] Discovering subsystems at path C:/Users/David/Unity Projects/DangerZone/DangerZone/Assets
GfxDevice: creating device client; threaded=0
Direct3D:
    Version:  Direct3D 11.0 [level 11.1]
    Renderer: NVIDIA GeForce GTX 1080 (ID=0x1b80)
    Vendor:   
    VRAM:     8079 MB
    Driver:   30.0.14.7196
Initialize mono
Mono path[0] = 'C:/Program Files/Unity/Hub/Editor/2020.3.12f1/Editor/Data/Managed'
Mono path[1] = 'C:/Program Files/Unity/Hub/Editor/2020.3.12f1/Editor/Data/MonoBleedingEdge/lib/mono/unityjit'
Mono config path = 'C:/Program Files/Unity/Hub/Editor/2020.3.12f1/Editor/Data/MonoBleedingEdge/etc'
Using monoOptions --debugger-agent=transport=dt_socket,embedding=1,server=y,suspend=n,address=127.0.0.1:56948
Begin MonoManager ReloadAssembly
Registering precompiled unity dll's ...
Register platform support module: C:/Program Files/Unity/Hub/Editor/2020.3.12f1/Editor/Data/PlaybackEngines/WebGLSupport/UnityEditor.WebGL.Extensions.dll
Register platform support module: C:/Program Files/Unity/Hub/Editor/2020.3.12f1/Editor/Data/PlaybackEngines/MacStandaloneSupport/UnityEditor.OSXStandalone.Extensions.dll
Register platform support module: C:/Program Files/Unity/Hub/Editor/2020.3.12f1/Editor/Data/PlaybackEngines/WindowsStandaloneSupport/UnityEditor.WindowsStandalone.Extensions.dll
Registered in 0.002374 seconds.
Native extension for WindowsStandalone target not found
Native extension for OSXStandalone target not found
Native extension for WebGL target not found
Refreshing native plugins compatible for Editor in 33.39 ms, found 2 plugins.
Preloading 0 native plugins for Editor in 0.00 ms.
Mono: successfully reloaded assembly
- Completed reload, in  1.002 seconds
Platform modules already initialized, skipping
Registering precompiled user dll's ...
Registered in 0.003188 seconds.
Begin MonoManager ReloadAssembly
Native extension for WindowsStandalone target not found
Native extension for OSXStandalone target not found
Native extension for WebGL target not found
Refreshing native plugins compatible for Editor in 0.33 ms, found 2 plugins.
Preloading 0 native plugins for Editor in 0.00 ms.
Mono: successfully reloaded assembly
- Completed reload, in  0.755 seconds
Platform modules already initialized, skipping
========================================================================
Worker process is ready to serve import requests
Launched and connected shader compiler UnityShaderCompiler.exe after 0.03 seconds
Refreshing native plugins compatible for Editor in 0.35 ms, found 2 plugins.
Preloading 0 native plugins for Editor in 0.00 ms.
Unloading 1693 Unused Serialized files (Serialized files now loaded: 0)
System memory in use before: 89.7 MB.
System memory in use after: 89.5 MB.

Unloading 19 unused Assets to reduce memory usage. Loaded Objects now: 2125.
Total: 1.570300 ms (FindLiveObjects: 0.150700 ms CreateObjectMapping: 0.052100 ms MarkObjects: 1.250400 ms  DeleteObjects: 0.116400 ms)

AssetImportParameters requested are different than current active one (requested -> active):
  custom:framework-win-MediaFoundation: 216162199b28c13a410421893ffa2e32 -> 
  custom:video-decoder-ogg-theora: a1e56fd34408186e4bbccfd4996cb3dc -> 
  custom:container-muxer-webm: aa71ff27fc2769a1b78a27578f13a17b -> 
  custom:container-demuxer-webm: 4f35f7cbe854078d1ac9338744f61a02 -> 
  custom:container-demuxer-ogg: 62fdf1f143b41e24485cea50d1cbac27 -> 
  custom:video-encoder-webm-vp8: eb34c28f22e8b96e1ab97ce403110664 -> 
  custom:video-codec-MediaFoundation-h265: 746d11721c4dcdbdad8f713fa42b33f4 -> 
  custom:video-decoder-webm-vp8: 9c59270c3fd7afecdb556c50c9e8de78 -> 
  custom:audio-decoder-ogg-vorbis: bf7c407c2cedff20999df2af8eb42d56 -> 
  custom:audio-encoder-webm-vorbis: bf7c407c2cedff20999df2af8eb42d56 -> 
========================================================================
Received Import Request.
  path: Assets/Super_Mario_flag_pole.png
  artifactKey: Guid(ebb76199e80a67446b2e5fcdda1fdad9) Importer(815301076,1909f56bfc062723c751e8b465ee728b)
Start importing Assets/Super_Mario_flag_pole.png using Guid(ebb76199e80a67446b2e5fcdda1fdad9) Importer(815301076,1909f56bfc062723c751e8b465ee728b)  -> (artifact id: 'e0cd116cf2eb76cca95db1062fb79200') in 0.091514 seconds 
  Import took 0.093671 seconds .

========================================================================
Received Prepare
Registering precompiled user dll's ...
Registered in 0.002964 seconds.
Begin MonoManager ReloadAssembly
Native extension for WindowsStandalone target not found
Native extension for OSXStandalone target not found
Native extension for WebGL target not found
Refreshing native plugins compatible for Editor in 0.34 ms, found 2 plugins.
Preloading 0 native plugins for Editor in 0.00 ms.
Mono: successfully reloaded assembly
- Completed reload, in  0.699 seconds
Platform modules already initialized, skipping
Refreshing native plugins compatible for Editor in 0.32 ms, found 2 plugins.
Preloading 0 native plugins for Editor in 0.00 ms.
Unloading 1598 Unused Serialized files (Serialized files now loaded: 0)
System memory in use before: 83.8 MB.
System memory in use after: 83.6 MB.

Unloading 14 unused Assets to reduce memory usage. Loaded Objects now: 2134.
Total: 1.501100 ms (FindLiveObjects: 0.138400 ms CreateObjectMapping: 0.047200 ms MarkObjects: 1.218800 ms  DeleteObjects: 0.096000 ms)

AssetImportParameters requested are different than current active one (requested -> active):
  custom:framework-win-MediaFoundation: 216162199b28c13a410421893ffa2e32 -> 
  custom:video-decoder-ogg-theora: a1e56fd34408186e4bbccfd4996cb3dc -> 
  custom:container-muxer-webm: aa71ff27fc2769a1b78a27578f13a17b -> 
  custom:container-demuxer-webm: 4f35f7cbe854078d1ac9338744f61a02 -> 
  custom:container-demuxer-ogg: 62fdf1f143b41e24485cea50d1cbac27 -> 
  custom:video-encoder-webm-vp8: eb34c28f22e8b96e1ab97ce403110664 -> 
  custom:video-codec-MediaFoundation-h265: 746d11721c4dcdbdad8f713fa42b33f4 -> 
  custom:video-decoder-webm-vp8: 9c59270c3fd7afecdb556c50c9e8de78 -> 
  custom:audio-decoder-ogg-vorbis: bf7c407c2cedff20999df2af8eb42d56 -> 
  custom:audio-encoder-webm-vorbis: bf7c407c2cedff20999df2af8eb42d56 -> 
========================================================================
Received Import Request.
  Time since last request: 398.585335 seconds.
  path: Assets/Sounds/Crumple.wav
  artifactKey: Guid(74abd97bec99ba6469dbd7fa8da140a2) Importer(815301076,1909f56bfc062723c751e8b465ee728b)
Start importing Assets/Sounds/Crumple.wav using Guid(74abd97bec99ba6469dbd7fa8da140a2) Importer(815301076,1909f56bfc062723c751e8b465ee728b)  -> (artifact id: '558a322eafd944888424bf85dc1bf231') in 0.056200 seconds 
  Import took 0.058670 seconds .

========================================================================
Received Import Request.
  Time since last request: 0.000155 seconds.
  path: Assets/Sounds/Swipe.wav
  artifactKey: Guid(99ce30a7c5356df438f4dbf9455a2a9d) Importer(815301076,1909f56bfc062723c751e8b465ee728b)
Start importing Assets/Sounds/Swipe.wav using Guid(99ce30a7c5356df438f4dbf9455a2a9d) Importer(815301076,1909f56bfc062723c751e8b465ee728b)  -> (artifact id: 'ad6b6c89335862b4436aecf8970b5853') in 0.009141 seconds 
  Import took 0.011236 seconds .

========================================================================
Received Import Request.
  Time since last request: 0.000151 seconds.
  path: Assets/Sounds/Tap.wav
  artifactKey: Guid(4b050d5771d7a6c4a97d3095250e06f5) Importer(815301076,1909f56bfc062723c751e8b465ee728b)
Start importing Assets/Sounds/Tap.wav using Guid(4b050d5771d7a6c4a97d3095250e06f5) Importer(815301076,1909f56bfc062723c751e8b465ee728b)  -> (artifact id: 'c56a81ba848ee59bba83177c8312178c') in 0.008096 seconds 
  Import took 0.010184 seconds .

========================================================================
Received Import Request.
  Time since last request: 0.000145 seconds.
  path: Assets/Sounds/Rolemusic_-_A_ninja_among_oscillators.mp3
  artifactKey: Guid(f29a1ee793026614991092cfb5230306) Importer(815301076,1909f56bfc062723c751e8b465ee728b)
Start importing Assets/Sounds/Rolemusic_-_A_ninja_among_oscillators.mp3 using Guid(f29a1ee793026614991092cfb5230306) Importer(815301076,1909f56bfc062723c751e8b465ee728b)  -> (artifact id: '1ea3f5539dfd4ee9e370572163ffcd16') in 0.009327 seconds 
  Import took 0.011439 seconds .

========================================================================
Received Import Request.
  Time since last request: 0.000153 seconds.
  path: Assets/Sounds/jarby_mc_coy_-_06_-_pan.mp3
  artifactKey: Guid(3298eb71a6916b741bbe1123d2fabcc2) Importer(815301076,1909f56bfc062723c751e8b465ee728b)
Start importing Assets/Sounds/jarby_mc_coy_-_06_-_pan.mp3 using Guid(3298eb71a6916b741bbe1123d2fabcc2) Importer(815301076,1909f56bfc062723c751e8b465ee728b)  -> (artifact id: '8b1ba499c772722aa5309f708d15bcf3') in 0.008130 seconds 
  Import took 0.010242 seconds .

========================================================================
Received Import Request.
  Time since last request: 0.000144 seconds.
  path: Assets/Sounds/Rumble.wav
  artifactKey: Guid(8427e5f55f6cb7040bcea611f520d853) Importer(815301076,1909f56bfc062723c751e8b465ee728b)
Start importing Assets/Sounds/Rumble.wav using Guid(8427e5f55f6cb7040bcea611f520d853) Importer(815301076,1909f56bfc062723c751e8b465ee728b)  -> (artifact id: '4cfba115e5220831502e9fe2128b1f0b') in 0.008298 seconds 
  Import took 0.010428 seconds .

========================================================================
Received Import Request.
  Time since last request: 0.000146 seconds.
  path: Assets/Sounds/two_tone_nav.mp3
  artifactKey: Guid(1ffb94f70fdc1cc49bfe136975560cc8) Importer(815301076,1909f56bfc062723c751e8b465ee728b)
Start importing Assets/Sounds/two_tone_nav.mp3 using Guid(1ffb94f70fdc1cc49bfe136975560cc8) Importer(815301076,1909f56bfc062723c751e8b465ee728b)  -> (artifact id: '039d386ecba67a6e385cafed88edde26') in 0.008007 seconds 
  Import took 0.010240 seconds .

========================================================================
Received Import Request.
  Time since last request: 0.000164 seconds.
  path: Assets/Sounds/POL-cyber-soldier-short.wav
  artifactKey: Guid(556c98e397e43c64da75574d72b58b41) Importer(815301076,1909f56bfc062723c751e8b465ee728b)
Start importing Assets/Sounds/POL-cyber-soldier-short.wav using Guid(556c98e397e43c64da75574d72b58b41) Importer(815301076,1909f56bfc062723c751e8b465ee728b)  -> (artifact id: '2cec84d4b81791db09133dfaf7db7515') in 0.008081 seconds 
  Import took 0.010341 seconds .

========================================================================
Received Import Request.
  Time since last request: 1.671954 seconds.
  path: Assets/Scripts
  artifactKey: Guid(bd89d50c960d3a542a828f28c2223de7) Importer(815301076,1909f56bfc062723c751e8b465ee728b)
Start importing Assets/Scripts using Guid(bd89d50c960d3a542a828f28c2223de7) Importer(815301076,1909f56bfc062723c751e8b465ee728b)  -> (artifact id: '1d9384ccc3a9dcd16c00c78b5c414d3b') in 0.004886 seconds 
  Import took 0.007255 seconds .

========================================================================
Received Import Request.
  Time since last request: 11.330404 seconds.
  path: Assets/Scripts/Interfaces
  artifactKey: Guid(2e6188fea585071438f2f689df8a818d) Importer(815301076,1909f56bfc062723c751e8b465ee728b)
Start importing Assets/Scripts/Interfaces using Guid(2e6188fea585071438f2f689df8a818d) Importer(815301076,1909f56bfc062723c751e8b465ee728b)  -> (artifact id: '37e426d4c790e3de7e29f6da61841671') in 0.004811 seconds 
  Import took 0.007058 seconds .

========================================================================
Received Import Request.
  Time since last request: 10.666810 seconds.
  path: Assets/Scripts/Interfaces/IGameManager.cs
  artifactKey: Guid(573bf05aa181ca341b47c174423dd59a) Importer(815301076,1909f56bfc062723c751e8b465ee728b)
Start importing Assets/Scripts/Interfaces/IGameManager.cs using Guid(573bf05aa181ca341b47c174423dd59a) Importer(815301076,1909f56bfc062723c751e8b465ee728b)  -> (artifact id: 'c013acbcb61ff30ddd62a82e70915150') in 0.008407 seconds 
  Import took 0.010851 seconds .

========================================================================
Received Import Request.
  Time since last request: 0.002474 seconds.
  path: Assets/Scripts/Interfaces/IGameManager.cs
  artifactKey: Guid(573bf05aa181ca341b47c174423dd59a) Importer(815301076,1909f56bfc062723c751e8b465ee728b)
Start importing Assets/Scripts/Interfaces/IGameManager.cs using Guid(573bf05aa181ca341b47c174423dd59a) Importer(815301076,1909f56bfc062723c751e8b465ee728b)  -> (artifact id: 'c013acbcb61ff30ddd62a82e70915150') in 0.001838 seconds 
  Import took 0.004131 seconds .

========================================================================
Received Prepare
Registering precompiled user dll's ...
Registered in 0.003020 seconds.
Begin MonoManager ReloadAssembly
Native extension for WindowsStandalone target not found
Native extension for OSXStandalone target not found
Native extension for WebGL target not found
Refreshing native plugins compatible for Editor in 0.32 ms, found 2 plugins.
Preloading 0 native plugins for Editor in 0.00 ms.
Mono: successfully reloaded assembly
- Completed reload, in  0.728 seconds
Platform modules already initialized, skipping
Refreshing native plugins compatible for Editor in 0.33 ms, found 2 plugins.
Preloading 0 native plugins for Editor in 0.00 ms.
Unloading 1599 Unused Serialized files (Serialized files now loaded: 0)
System memory in use before: 83.9 MB.
System memory in use after: 83.8 MB.

Unloading 14 unused Assets to reduce memory usage. Loaded Objects now: 2145.
Total: 1.541200 ms (FindLiveObjects: 0.141300 ms CreateObjectMapping: 0.047400 ms MarkObjects: 1.250000 ms  DeleteObjects: 0.101800 ms)

AssetImportParameters requested are different than current active one (requested -> active):
  custom:framework-win-MediaFoundation: 216162199b28c13a410421893ffa2e32 -> 
  custom:video-decoder-ogg-theora: a1e56fd34408186e4bbccfd4996cb3dc -> 
  custom:container-muxer-webm: aa71ff27fc2769a1b78a27578f13a17b -> 
  custom:container-demuxer-webm: 4f35f7cbe854078d1ac9338744f61a02 -> 
  custom:container-demuxer-ogg: 62fdf1f143b41e24485cea50d1cbac27 -> 
  custom:video-encoder-webm-vp8: eb34c28f22e8b96e1ab97ce403110664 -> 
  custom:video-codec-MediaFoundation-h265: 746d11721c4dcdbdad8f713fa42b33f4 -> 
  custom:video-decoder-webm-vp8: 9c59270c3fd7afecdb556c50c9e8de78 -> 
  custom:audio-decoder-ogg-vorbis: bf7c407c2cedff20999df2af8eb42d56 -> 
  custom:audio-encoder-webm-vorbis: bf7c407c2cedff20999df2af8eb42d56 -> 
========================================================================
Received Import Request.
  Time since last request: 76.171448 seconds.
  path: Assets/Scripts/Enums
  artifactKey: Guid(b3f963b982e1c40478590225a38b2618) Importer(815301076,1909f56bfc062723c751e8b465ee728b)
Start importing Assets/Scripts/Enums using Guid(b3f963b982e1c40478590225a38b2618) Importer(815301076,1909f56bfc062723c751e8b465ee728b)  -> (artifact id: '9054076e2595492853e88975552b7f38') in 0.006948 seconds 
  Import took 0.009282 seconds .

========================================================================
Received Import Request.
  Time since last request: 35.255498 seconds.
  path: Assets/Scripts/Enums/ManagerStatus.cs
  artifactKey: Guid(259ccc32aca76d94d9e76f28bf7917d8) Importer(815301076,1909f56bfc062723c751e8b465ee728b)
Start importing Assets/Scripts/Enums/ManagerStatus.cs using Guid(259ccc32aca76d94d9e76f28bf7917d8) Importer(815301076,1909f56bfc062723c751e8b465ee728b)  -> (artifact id: 'f7090e4615bf5993dcdf98d1e52f67e2') in 0.004999 seconds 
  Import took 0.007343 seconds .

========================================================================
Received Import Request.
  Time since last request: 57.974951 seconds.
  path: Assets/Scripts/Enums/ManagerStatus.cs
  artifactKey: Guid(259ccc32aca76d94d9e76f28bf7917d8) Importer(815301076,1909f56bfc062723c751e8b465ee728b)
Start importing Assets/Scripts/Enums/ManagerStatus.cs using Guid(259ccc32aca76d94d9e76f28bf7917d8) Importer(815301076,1909f56bfc062723c751e8b465ee728b)  -> (artifact id: '4a36ec6cce620079ea96cb728b6ea9ba') in 0.001988 seconds 
  Import took 0.004494 seconds .

========================================================================
Received Import Request.
  Time since last request: 9.474653 seconds.
  path: Assets/Scripts/Interfaces/IGameManager.cs
  artifactKey: Guid(573bf05aa181ca341b47c174423dd59a) Importer(815301076,1909f56bfc062723c751e8b465ee728b)
Start importing Assets/Scripts/Interfaces/IGameManager.cs using Guid(573bf05aa181ca341b47c174423dd59a) Importer(815301076,1909f56bfc062723c751e8b465ee728b)  -> (artifact id: 'b5b5ee2aced44f0ad0f51d7a37b9a577') in 0.001669 seconds 
  Import took 0.004052 seconds .

========================================================================
Received Prepare
Registering precompiled user dll's ...
Registered in 0.003113 seconds.
Begin MonoManager ReloadAssembly
Native extension for WindowsStandalone target not found
Native extension for OSXStandalone target not found
Native extension for WebGL target not found
Refreshing native plugins compatible for Editor in 0.33 ms, found 2 plugins.
Preloading 0 native plugins for Editor in 0.00 ms.
Mono: successfully reloaded assembly
- Completed reload, in  0.698 seconds
Platform modules already initialized, skipping
Refreshing native plugins compatible for Editor in 0.33 ms, found 2 plugins.
Preloading 0 native plugins for Editor in 0.00 ms.
Unloading 1600 Unused Serialized files (Serialized files now loaded: 0)
System memory in use before: 83.9 MB.
System memory in use after: 83.8 MB.

Unloading 14 unused Assets to reduce memory usage. Loaded Objects now: 2149.
Total: 1.736100 ms (FindLiveObjects: 0.147200 ms CreateObjectMapping: 0.047300 ms MarkObjects: 1.427200 ms  DeleteObjects: 0.113500 ms)

AssetImportParameters requested are different than current active one (requested -> active):
  custom:framework-win-MediaFoundation: 216162199b28c13a410421893ffa2e32 -> 
  custom:video-decoder-ogg-theora: a1e56fd34408186e4bbccfd4996cb3dc -> 
  custom:container-muxer-webm: aa71ff27fc2769a1b78a27578f13a17b -> 
  custom:container-demuxer-webm: 4f35f7cbe854078d1ac9338744f61a02 -> 
  custom:container-demuxer-ogg: 62fdf1f143b41e24485cea50d1cbac27 -> 
  custom:video-encoder-webm-vp8: eb34c28f22e8b96e1ab97ce403110664 -> 
  custom:video-codec-MediaFoundation-h265: 746d11721c4dcdbdad8f713fa42b33f4 -> 
  custom:video-decoder-webm-vp8: 9c59270c3fd7afecdb556c50c9e8de78 -> 
  custom:audio-decoder-ogg-vorbis: bf7c407c2cedff20999df2af8eb42d56 -> 
  custom:audio-encoder-webm-vorbis: bf7c407c2cedff20999df2af8eb42d56 -> 
========================================================================
Received Import Request.
  Time since last request: 42.688881 seconds.
  path: Assets/Scripts/Interfaces/IGameManager.cs
  artifactKey: Guid(573bf05aa181ca341b47c174423dd59a) Importer(815301076,1909f56bfc062723c751e8b465ee728b)
Start importing Assets/Scripts/Interfaces/IGameManager.cs using Guid(573bf05aa181ca341b47c174423dd59a) Importer(815301076,1909f56bfc062723c751e8b465ee728b)  -> (artifact id: '57a19872a3768d621764aef500c4c734') in 0.003489 seconds 
  Import took 0.005470 seconds .

========================================================================
Received Import Request.
  Time since last request: 3.321890 seconds.
  path: Assets/Scripts/Global
  artifactKey: Guid(1af6023808318fd4691a757cdea60eb3) Importer(815301076,1909f56bfc062723c751e8b465ee728b)
Start importing Assets/Scripts/Global using Guid(1af6023808318fd4691a757cdea60eb3) Importer(815301076,1909f56bfc062723c751e8b465ee728b)  -> (artifact id: '02222ab2eea7875575fcb0655facbbed') in 0.004985 seconds 
  Import took 0.007379 seconds .

========================================================================
Received Import Request.
  Time since last request: 0.000243 seconds.
  path: Assets/Scripts/Global
  artifactKey: Guid(1af6023808318fd4691a757cdea60eb3) Importer(815301076,1909f56bfc062723c751e8b465ee728b)
Start importing Assets/Scripts/Global using Guid(1af6023808318fd4691a757cdea60eb3) Importer(815301076,1909f56bfc062723c751e8b465ee728b)  -> (artifact id: '02222ab2eea7875575fcb0655facbbed') in 0.001631 seconds 
  Import took 0.003582 seconds .

========================================================================
Received Import Request.
  Time since last request: 3.911135 seconds.
  path: Assets/Scripts/Global/Managers.cs
  artifactKey: Guid(1d0d9cf866ac67842aead4ff7647ed43) Importer(815301076,1909f56bfc062723c751e8b465ee728b)
Start importing Assets/Scripts/Global/Managers.cs using Guid(1d0d9cf866ac67842aead4ff7647ed43) Importer(815301076,1909f56bfc062723c751e8b465ee728b)  -> (artifact id: '6440c27bb8a6f7c3aaa5bda46be317f9') in 0.004937 seconds 
  Import took 0.007269 seconds .

========================================================================
Received Prepare
Registering precompiled user dll's ...
Registered in 0.002957 seconds.
Begin MonoManager ReloadAssembly
Native extension for WindowsStandalone target not found
Native extension for OSXStandalone target not found
Native extension for WebGL target not found
Refreshing native plugins compatible for Editor in 0.48 ms, found 2 plugins.
Preloading 0 native plugins for Editor in 0.00 ms.
Mono: successfully reloaded assembly
- Completed reload, in  0.746 seconds
Platform modules already initialized, skipping
Refreshing native plugins compatible for Editor in 0.40 ms, found 2 plugins.
Preloading 0 native plugins for Editor in 0.00 ms.
Unloading 1601 Unused Serialized files (Serialized files now loaded: 0)
System memory in use before: 84.0 MB.
System memory in use after: 83.8 MB.

Unloading 14 unused Assets to reduce memory usage. Loaded Objects now: 2153.
Total: 1.538700 ms (FindLiveObjects: 0.147600 ms CreateObjectMapping: 0.046300 ms MarkObjects: 1.234000 ms  DeleteObjects: 0.110100 ms)

AssetImportParameters requested are different than current active one (requested -> active):
  custom:framework-win-MediaFoundation: 216162199b28c13a410421893ffa2e32 -> 
  custom:video-decoder-ogg-theora: a1e56fd34408186e4bbccfd4996cb3dc -> 
  custom:container-muxer-webm: aa71ff27fc2769a1b78a27578f13a17b -> 
  custom:container-demuxer-webm: 4f35f7cbe854078d1ac9338744f61a02 -> 
  custom:container-demuxer-ogg: 62fdf1f143b41e24485cea50d1cbac27 -> 
  custom:video-encoder-webm-vp8: eb34c28f22e8b96e1ab97ce403110664 -> 
  custom:video-codec-MediaFoundation-h265: 746d11721c4dcdbdad8f713fa42b33f4 -> 
  custom:video-decoder-webm-vp8: 9c59270c3fd7afecdb556c50c9e8de78 -> 
  custom:audio-decoder-ogg-vorbis: bf7c407c2cedff20999df2af8eb42d56 -> 
  custom:audio-encoder-webm-vorbis: bf7c407c2cedff20999df2af8eb42d56 -> 
========================================================================
Received Import Request.
  Time since last request: 32.479341 seconds.
  path: Assets/Scripts/Global/PlayerSpawnManager.cs
  artifactKey: Guid(109f6e5e23dc28e4fbd15c2194a185e8) Importer(815301076,1909f56bfc062723c751e8b465ee728b)
Start importing Assets/Scripts/Global/PlayerSpawnManager.cs using Guid(109f6e5e23dc28e4fbd15c2194a185e8) Importer(815301076,1909f56bfc062723c751e8b465ee728b)  -> (artifact id: '59e9aabce55bb05977dae8b08e1634b8') in 0.007236 seconds 
  Import took 0.009606 seconds .

========================================================================
Received Prepare
Registering precompiled user dll's ...
Registered in 0.003043 seconds.
Begin MonoManager ReloadAssembly
Native extension for WindowsStandalone target not found
Native extension for OSXStandalone target not found
Native extension for WebGL target not found
Refreshing native plugins compatible for Editor in 0.32 ms, found 2 plugins.
Preloading 0 native plugins for Editor in 0.00 ms.
Mono: successfully reloaded assembly
- Completed reload, in  0.696 seconds
Platform modules already initialized, skipping
Refreshing native plugins compatible for Editor in 0.36 ms, found 2 plugins.
Preloading 0 native plugins for Editor in 0.00 ms.
Unloading 1602 Unused Serialized files (Serialized files now loaded: 0)
System memory in use before: 84.0 MB.
System memory in use after: 83.9 MB.

Unloading 14 unused Assets to reduce memory usage. Loaded Objects now: 2157.
Total: 1.493800 ms (FindLiveObjects: 0.137200 ms CreateObjectMapping: 0.048300 ms MarkObjects: 1.202000 ms  DeleteObjects: 0.105600 ms)

AssetImportParameters requested are different than current active one (requested -> active):
  custom:framework-win-MediaFoundation: 216162199b28c13a410421893ffa2e32 -> 
  custom:video-decoder-ogg-theora: a1e56fd34408186e4bbccfd4996cb3dc -> 
  custom:container-muxer-webm: aa71ff27fc2769a1b78a27578f13a17b -> 
  custom:container-demuxer-webm: 4f35f7cbe854078d1ac9338744f61a02 -> 
  custom:container-demuxer-ogg: 62fdf1f143b41e24485cea50d1cbac27 -> 
  custom:video-encoder-webm-vp8: eb34c28f22e8b96e1ab97ce403110664 -> 
  custom:video-codec-MediaFoundation-h265: 746d11721c4dcdbdad8f713fa42b33f4 -> 
  custom:video-decoder-webm-vp8: 9c59270c3fd7afecdb556c50c9e8de78 -> 
  custom:audio-decoder-ogg-vorbis: bf7c407c2cedff20999df2af8eb42d56 -> 
  custom:audio-encoder-webm-vorbis: bf7c407c2cedff20999df2af8eb42d56 -> 
========================================================================
Received Import Request.
  Time since last request: 57.262306 seconds.
  path: Assets/Scripts/Global/PlayerSpawnManager.cs
  artifactKey: Guid(109f6e5e23dc28e4fbd15c2194a185e8) Importer(815301076,1909f56bfc062723c751e8b465ee728b)
Start importing Assets/Scripts/Global/PlayerSpawnManager.cs using Guid(109f6e5e23dc28e4fbd15c2194a185e8) Importer(815301076,1909f56bfc062723c751e8b465ee728b)  -> (artifact id: 'c38916c1df6127acf5f5079d5ec6014f') in 0.003876 seconds 
  Import took 0.006095 seconds .

========================================================================
Received Import Request.
  Time since last request: 0.022000 seconds.
  path: Assets/Scripts/Global/PlayerSpawnManager.cs
  artifactKey: Guid(109f6e5e23dc28e4fbd15c2194a185e8) Importer(815301076,1909f56bfc062723c751e8b465ee728b)
Start importing Assets/Scripts/Global/PlayerSpawnManager.cs using Guid(109f6e5e23dc28e4fbd15c2194a185e8) Importer(815301076,1909f56bfc062723c751e8b465ee728b)  -> (artifact id: 'c38916c1df6127acf5f5079d5ec6014f') in 0.001697 seconds 
  Import took 0.003853 seconds .

========================================================================
Received Prepare
Registering precompiled user dll's ...
Registered in 0.003051 seconds.
Begin MonoManager ReloadAssembly
Native extension for WindowsStandalone target not found
Native extension for OSXStandalone target not found
Native extension for WebGL target not found
Refreshing native plugins compatible for Editor in 0.34 ms, found 2 plugins.
Preloading 0 native plugins for Editor in 0.00 ms.
Mono: successfully reloaded assembly
- Completed reload, in  0.693 seconds
Platform modules already initialized, skipping
Refreshing native plugins compatible for Editor in 0.31 ms, found 2 plugins.
Preloading 0 native plugins for Editor in 0.00 ms.
Unloading 1602 Unused Serialized files (Serialized files now loaded: 0)
System memory in use before: 84.0 MB.
System memory in use after: 83.9 MB.

Unloading 14 unused Assets to reduce memory usage. Loaded Objects now: 2160.
Total: 1.563800 ms (FindLiveObjects: 0.129400 ms CreateObjectMapping: 0.042500 ms MarkObjects: 1.287000 ms  DeleteObjects: 0.104300 ms)

AssetImportParameters requested are different than current active one (requested -> active):
  custom:framework-win-MediaFoundation: 216162199b28c13a410421893ffa2e32 -> 
  custom:video-decoder-ogg-theora: a1e56fd34408186e4bbccfd4996cb3dc -> 
  custom:container-muxer-webm: aa71ff27fc2769a1b78a27578f13a17b -> 
  custom:container-demuxer-webm: 4f35f7cbe854078d1ac9338744f61a02 -> 
  custom:container-demuxer-ogg: 62fdf1f143b41e24485cea50d1cbac27 -> 
  custom:video-encoder-webm-vp8: eb34c28f22e8b96e1ab97ce403110664 -> 
  custom:video-codec-MediaFoundation-h265: 746d11721c4dcdbdad8f713fa42b33f4 -> 
  custom:video-decoder-webm-vp8: 9c59270c3fd7afecdb556c50c9e8de78 -> 
  custom:audio-decoder-ogg-vorbis: bf7c407c2cedff20999df2af8eb42d56 -> 
  custom:audio-encoder-webm-vorbis: bf7c407c2cedff20999df2af8eb42d56 -> 
========================================================================
Received Prepare
Registering precompiled user dll's ...
Registered in 0.002877 seconds.
Begin MonoManager ReloadAssembly
Native extension for WindowsStandalone target not found
Native extension for OSXStandalone target not found
Native extension for WebGL target not found
Refreshing native plugins compatible for Editor in 0.32 ms, found 2 plugins.
Preloading 0 native plugins for Editor in 0.00 ms.
Mono: successfully reloaded assembly
- Completed reload, in  0.695 seconds
Platform modules already initialized, skipping
Refreshing native plugins compatible for Editor in 0.32 ms, found 2 plugins.
Preloading 0 native plugins for Editor in 0.00 ms.
Unloading 1602 Unused Serialized files (Serialized files now loaded: 0)
System memory in use before: 84.0 MB.
System memory in use after: 83.9 MB.

Unloading 14 unused Assets to reduce memory usage. Loaded Objects now: 2163.
Total: 1.494600 ms (FindLiveObjects: 0.134700 ms CreateObjectMapping: 0.043500 ms MarkObjects: 1.205500 ms  DeleteObjects: 0.110300 ms)

AssetImportParameters requested are different than current active one (requested -> active):
  custom:framework-win-MediaFoundation: 216162199b28c13a410421893ffa2e32 -> 
  custom:video-decoder-ogg-theora: a1e56fd34408186e4bbccfd4996cb3dc -> 
  custom:container-muxer-webm: aa71ff27fc2769a1b78a27578f13a17b -> 
  custom:container-demuxer-webm: 4f35f7cbe854078d1ac9338744f61a02 -> 
  custom:container-demuxer-ogg: 62fdf1f143b41e24485cea50d1cbac27 -> 
  custom:video-encoder-webm-vp8: eb34c28f22e8b96e1ab97ce403110664 -> 
  custom:video-codec-MediaFoundation-h265: 746d11721c4dcdbdad8f713fa42b33f4 -> 
  custom:video-decoder-webm-vp8: 9c59270c3fd7afecdb556c50c9e8de78 -> 
  custom:audio-decoder-ogg-vorbis: bf7c407c2cedff20999df2af8eb42d56 -> 
  custom:audio-encoder-webm-vorbis: bf7c407c2cedff20999df2af8eb42d56 -> 
========================================================================
Received Import Request.
  Time since last request: 637.981808 seconds.
  path: Assets/Scripts/Global/GameLogic.cs
  artifactKey: Guid(ad5dea286a443ff47bf13377dfd6553e) Importer(815301076,1909f56bfc062723c751e8b465ee728b)
Start importing Assets/Scripts/Global/GameLogic.cs using Guid(ad5dea286a443ff47bf13377dfd6553e) Importer(815301076,1909f56bfc062723c751e8b465ee728b)  -> (artifact id: 'ab2cf5cf5d29cfc4e735a6b308fc006a') in 0.007038 seconds 
  Import took 0.009367 seconds .

========================================================================
Received Import Request.
  Time since last request: 0.017752 seconds.
  path: Assets/Scripts/Global/GameLogic.cs
  artifactKey: Guid(ad5dea286a443ff47bf13377dfd6553e) Importer(815301076,1909f56bfc062723c751e8b465ee728b)
Start importing Assets/Scripts/Global/GameLogic.cs using Guid(ad5dea286a443ff47bf13377dfd6553e) Importer(815301076,1909f56bfc062723c751e8b465ee728b)  -> (artifact id: 'ab2cf5cf5d29cfc4e735a6b308fc006a') in 0.001853 seconds 
  Import took 0.004057 seconds .

========================================================================
Received Prepare
Registering precompiled user dll's ...
Registered in 0.003162 seconds.
Begin MonoManager ReloadAssembly
Native extension for WindowsStandalone target not found
Native extension for OSXStandalone target not found
Native extension for WebGL target not found
Refreshing native plugins compatible for Editor in 0.32 ms, found 2 plugins.
Preloading 0 native plugins for Editor in 0.00 ms.
Mono: successfully reloaded assembly
- Completed reload, in  0.699 seconds
Platform modules already initialized, skipping
Refreshing native plugins compatible for Editor in 0.32 ms, found 2 plugins.
Preloading 0 native plugins for Editor in 0.00 ms.
Unloading 1602 Unused Serialized files (Serialized files now loaded: 0)
System memory in use before: 84.0 MB.
System memory in use after: 83.9 MB.

Unloading 14 unused Assets to reduce memory usage. Loaded Objects now: 2166.
Total: 1.494500 ms (FindLiveObjects: 0.135000 ms CreateObjectMapping: 0.044500 ms MarkObjects: 1.205500 ms  DeleteObjects: 0.108700 ms)

AssetImportParameters requested are different than current active one (requested -> active):
  custom:framework-win-MediaFoundation: 216162199b28c13a410421893ffa2e32 -> 
  custom:video-decoder-ogg-theora: a1e56fd34408186e4bbccfd4996cb3dc -> 
  custom:container-muxer-webm: aa71ff27fc2769a1b78a27578f13a17b -> 
  custom:container-demuxer-webm: 4f35f7cbe854078d1ac9338744f61a02 -> 
  custom:container-demuxer-ogg: 62fdf1f143b41e24485cea50d1cbac27 -> 
  custom:video-encoder-webm-vp8: eb34c28f22e8b96e1ab97ce403110664 -> 
  custom:video-codec-MediaFoundation-h265: 746d11721c4dcdbdad8f713fa42b33f4 -> 
  custom:video-decoder-webm-vp8: 9c59270c3fd7afecdb556c50c9e8de78 -> 
  custom:audio-decoder-ogg-vorbis: bf7c407c2cedff20999df2af8eb42d56 -> 
  custom:audio-encoder-webm-vorbis: bf7c407c2cedff20999df2af8eb42d56 -> 
========================================================================
Received Import Request.
  Time since last request: 134.039257 seconds.
  path: Assets/Scripts/Global/GameLogic.cs
  artifactKey: Guid(ad5dea286a443ff47bf13377dfd6553e) Importer(815301076,1909f56bfc062723c751e8b465ee728b)
Start importing Assets/Scripts/Global/GameLogic.cs using Guid(ad5dea286a443ff47bf13377dfd6553e) Importer(815301076,1909f56bfc062723c751e8b465ee728b)  -> (artifact id: '50895bf22e19a3f75f7f5d7e8b82f096') in 0.005989 seconds 
  Import took 0.007995 seconds .

========================================================================
Received Import Request.
  Time since last request: 32.008719 seconds.
  path: Assets/Prefabs/Bullet.prefab
  artifactKey: Guid(2c32f2733b461ac45b8b24b00f0b654d) Importer(815301076,1909f56bfc062723c751e8b465ee728b)
Start importing Assets/Prefabs/Bullet.prefab using Guid(2c32f2733b461ac45b8b24b00f0b654d) Importer(815301076,1909f56bfc062723c751e8b465ee728b)  -> (artifact id: '10ec84fbe811f7f2f890802313cbafd0') in 0.149011 seconds 
  Import took 0.151407 seconds .

========================================================================
Received Import Request.
  Time since last request: 0.000177 seconds.
  path: Assets/Prefabs/Wall.prefab
  artifactKey: Guid(bbcdb7619ae84ed45b8d45816608dc24) Importer(815301076,1909f56bfc062723c751e8b465ee728b)
Start importing Assets/Prefabs/Wall.prefab using Guid(bbcdb7619ae84ed45b8d45816608dc24) Importer(815301076,1909f56bfc062723c751e8b465ee728b)  -> (artifact id: '6a617c7bc23e70779dff02975d1f6008') in 0.009092 seconds 
  Import took 0.011205 seconds .

========================================================================
Received Import Request.
  Time since last request: 0.000121 seconds.
  path: Assets/Prefabs/GunGuy.prefab
  artifactKey: Guid(9ba9945444c6bd145ac9c7722512b392) Importer(815301076,1909f56bfc062723c751e8b465ee728b)
Start importing Assets/Prefabs/GunGuy.prefab using Guid(9ba9945444c6bd145ac9c7722512b392) Importer(815301076,1909f56bfc062723c751e8b465ee728b)  -> (artifact id: '6f24c749f6199b9139a4ebe01e1570b9') in 0.026385 seconds 
  Import took 0.029062 seconds .

========================================================================
Received Import Request.
  Time since last request: 0.000161 seconds.
  path: Assets/Prefabs/Gambler.prefab
  artifactKey: Guid(1725cc66b96b2d0409d6887160c212d4) Importer(815301076,1909f56bfc062723c751e8b465ee728b)
Start importing Assets/Prefabs/Gambler.prefab using Guid(1725cc66b96b2d0409d6887160c212d4) Importer(815301076,1909f56bfc062723c751e8b465ee728b)  -> (artifact id: '72b907da949d25166c10a9c2487a52fa') in 0.022868 seconds 
  Import took 0.025473 seconds .

========================================================================
Received Import Request.
  Time since last request: 0.000129 seconds.
  path: Assets/Prefabs/WallGuy.prefab
  artifactKey: Guid(52305dc1c268e404ea3455918a14f002) Importer(815301076,1909f56bfc062723c751e8b465ee728b)
Start importing Assets/Prefabs/WallGuy.prefab using Guid(52305dc1c268e404ea3455918a14f002) Importer(815301076,1909f56bfc062723c751e8b465ee728b)  -> (artifact id: 'ea9aee47a6dea165e1e1113774eeca08') in 0.016717 seconds 
  Import took 0.019417 seconds .

========================================================================
Received Import Request.
  Time since last request: 0.000127 seconds.
  path: Assets/Prefabs/DeflectionShield.prefab
  artifactKey: Guid(ea3edb41d871b3d429312eb6f055f6a0) Importer(815301076,1909f56bfc062723c751e8b465ee728b)
Start importing Assets/Prefabs/DeflectionShield.prefab using Guid(ea3edb41d871b3d429312eb6f055f6a0) Importer(815301076,1909f56bfc062723c751e8b465ee728b)  -> (artifact id: 'fd4364c253f597e02f1455c44c0c6e71') in 0.010109 seconds 
  Import took 0.012299 seconds .

========================================================================
Received Import Request.
  Time since last request: 0.000116 seconds.
  path: Assets/Prefabs/Globals.prefab
  artifactKey: Guid(164252cedc98c2746a2c11dec63e28b7) Importer(815301076,1909f56bfc062723c751e8b465ee728b)
Start importing Assets/Prefabs/Globals.prefab using Guid(164252cedc98c2746a2c11dec63e28b7) Importer(815301076,1909f56bfc062723c751e8b465ee728b)  -> (artifact id: 'fa48704bac8e2ac5f55d8a86c87f42fa') in 0.013556 seconds 
  Import took 0.016381 seconds .

========================================================================
Received Import Request.
  Time since last request: 0.000130 seconds.
  path: Assets/Prefabs/Player2.prefab
  artifactKey: Guid(1c4f7f12f4867be40a114dfbf55d8c35) Importer(815301076,1909f56bfc062723c751e8b465ee728b)
Start importing Assets/Prefabs/Player2.prefab using Guid(1c4f7f12f4867be40a114dfbf55d8c35) Importer(815301076,1909f56bfc062723c751e8b465ee728b)  -> (artifact id: 'f18291d3ccd2861a8182250dc8959f0c') in 0.025063 seconds 
  Import took 0.027757 seconds .

========================================================================
Received Import Request.
  Time since last request: 0.000116 seconds.
  path: Assets/Prefabs/Player1.prefab
  artifactKey: Guid(6c9a731232c198143b1fbd82624c2f20) Importer(815301076,1909f56bfc062723c751e8b465ee728b)
Start importing Assets/Prefabs/Player1.prefab using Guid(6c9a731232c198143b1fbd82624c2f20) Importer(815301076,1909f56bfc062723c751e8b465ee728b)  -> (artifact id: '3e818e0ddc63db0dd4740346aa8a350a') in 0.021331 seconds 
  Import took 0.023955 seconds .

========================================================================
Received Import Request.
  Time since last request: 0.000122 seconds.
  path: Assets/Prefabs/Ninja.prefab
  artifactKey: Guid(1a6302b3a5e666a49bd97af3b9ca92ff) Importer(815301076,1909f56bfc062723c751e8b465ee728b)
Start importing Assets/Prefabs/Ninja.prefab using Guid(1a6302b3a5e666a49bd97af3b9ca92ff) Importer(815301076,1909f56bfc062723c751e8b465ee728b)  -> (artifact id: '8cc32be2feb7048d20b0316414d0c1f3') in 0.018996 seconds 
  Import took 0.021755 seconds .

========================================================================
Received Prepare
Registering precompiled user dll's ...
Registered in 0.003053 seconds.
Begin MonoManager ReloadAssembly
Native extension for WindowsStandalone target not found
Native extension for OSXStandalone target not found
Native extension for WebGL target not found
Refreshing native plugins compatible for Editor in 0.32 ms, found 2 plugins.
Preloading 0 native plugins for Editor in 0.00 ms.
Mono: successfully reloaded assembly
- Completed reload, in  0.696 seconds
Platform modules already initialized, skipping
Refreshing native plugins compatible for Editor in 0.32 ms, found 2 plugins.
Preloading 0 native plugins for Editor in 0.00 ms.
Unloading 1602 Unused Serialized files (Serialized files now loaded: 0)
System memory in use before: 84.3 MB.
System memory in use after: 84.2 MB.

Unloading 15 unused Assets to reduce memory usage. Loaded Objects now: 2173.
Total: 1.628600 ms (FindLiveObjects: 0.148500 ms CreateObjectMapping: 0.068700 ms MarkObjects: 1.300100 ms  DeleteObjects: 0.110400 ms)

AssetImportParameters requested are different than current active one (requested -> active):
  custom:framework-win-MediaFoundation: 216162199b28c13a410421893ffa2e32 -> 
  custom:video-decoder-ogg-theora: a1e56fd34408186e4bbccfd4996cb3dc -> 
  custom:container-muxer-webm: aa71ff27fc2769a1b78a27578f13a17b -> 
  custom:container-demuxer-webm: 4f35f7cbe854078d1ac9338744f61a02 -> 
  custom:container-demuxer-ogg: 62fdf1f143b41e24485cea50d1cbac27 -> 
  custom:video-encoder-webm-vp8: eb34c28f22e8b96e1ab97ce403110664 -> 
  custom:video-codec-MediaFoundation-h265: 746d11721c4dcdbdad8f713fa42b33f4 -> 
  custom:video-decoder-webm-vp8: 9c59270c3fd7afecdb556c50c9e8de78 -> 
  custom:audio-decoder-ogg-vorbis: bf7c407c2cedff20999df2af8eb42d56 -> 
  custom:audio-encoder-webm-vorbis: bf7c407c2cedff20999df2af8eb42d56 -> 
========================================================================
Received Import Request.
  Time since last request: 39.473578 seconds.
  path: Assets/Scripts/Character/TestRun.cs
  artifactKey: Guid(03997e72afabe2b43adb3e4e2e543da8) Importer(815301076,1909f56bfc062723c751e8b465ee728b)
Start importing Assets/Scripts/Character/TestRun.cs using Guid(03997e72afabe2b43adb3e4e2e543da8) Importer(815301076,1909f56bfc062723c751e8b465ee728b)  -> (artifact id: '151d4e2e051dd48be530fc23f7e467b5') in 0.007653 seconds 
  Import took 0.009940 seconds .

========================================================================
Received Import Request.
  Time since last request: 0.018491 seconds.
  path: Assets/Scripts/Character/TestRun.cs
  artifactKey: Guid(03997e72afabe2b43adb3e4e2e543da8) Importer(815301076,1909f56bfc062723c751e8b465ee728b)
Start importing Assets/Scripts/Character/TestRun.cs using Guid(03997e72afabe2b43adb3e4e2e543da8) Importer(815301076,1909f56bfc062723c751e8b465ee728b)  -> (artifact id: '151d4e2e051dd48be530fc23f7e467b5') in 0.001960 seconds 
  Import took 0.004146 seconds .

========================================================================
Received Prepare
Registering precompiled user dll's ...
Registered in 0.003153 seconds.
Begin MonoManager ReloadAssembly
Native extension for WindowsStandalone target not found
Native extension for OSXStandalone target not found
Native extension for WebGL target not found
Refreshing native plugins compatible for Editor in 0.32 ms, found 2 plugins.
Preloading 0 native plugins for Editor in 0.00 ms.
Mono: successfully reloaded assembly
- Completed reload, in  0.696 seconds
Platform modules already initialized, skipping
Refreshing native plugins compatible for Editor in 0.32 ms, found 2 plugins.
Preloading 0 native plugins for Editor in 0.00 ms.
Unloading 1602 Unused Serialized files (Serialized files now loaded: 0)
System memory in use before: 84.3 MB.
System memory in use after: 84.2 MB.

Unloading 14 unused Assets to reduce memory usage. Loaded Objects now: 2176.
Total: 1.680400 ms (FindLiveObjects: 0.136100 ms CreateObjectMapping: 0.048600 ms MarkObjects: 1.383900 ms  DeleteObjects: 0.111000 ms)

AssetImportParameters requested are different than current active one (requested -> active):
  custom:framework-win-MediaFoundation: 216162199b28c13a410421893ffa2e32 -> 
  custom:video-decoder-ogg-theora: a1e56fd34408186e4bbccfd4996cb3dc -> 
  custom:container-muxer-webm: aa71ff27fc2769a1b78a27578f13a17b -> 
  custom:container-demuxer-webm: 4f35f7cbe854078d1ac9338744f61a02 -> 
  custom:container-demuxer-ogg: 62fdf1f143b41e24485cea50d1cbac27 -> 
  custom:video-encoder-webm-vp8: eb34c28f22e8b96e1ab97ce403110664 -> 
  custom:video-codec-MediaFoundation-h265: 746d11721c4dcdbdad8f713fa42b33f4 -> 
  custom:video-decoder-webm-vp8: 9c59270c3fd7afecdb556c50c9e8de78 -> 
  custom:audio-decoder-ogg-vorbis: bf7c407c2cedff20999df2af8eb42d56 -> 
  custom:audio-encoder-webm-vorbis: bf7c407c2cedff20999df2af8eb42d56 -> 
========================================================================
Received Import Request.
  Time since last request: 52.585157 seconds.
  path: Assets/Scripts/Character/TestRun.cs
  artifactKey: Guid(03997e72afabe2b43adb3e4e2e543da8) Importer(815301076,1909f56bfc062723c751e8b465ee728b)
Start importing Assets/Scripts/Character/TestRun.cs using Guid(03997e72afabe2b43adb3e4e2e543da8) Importer(815301076,1909f56bfc062723c751e8b465ee728b)  -> (artifact id: '363acc952769ed0b74dcc36cbfc2f365') in 0.003481 seconds 
  Import took 0.005396 seconds .

========================================================================
Received Prepare
Registering precompiled user dll's ...
Registered in 0.003033 seconds.
Begin MonoManager ReloadAssembly
Native extension for WindowsStandalone target not found
Native extension for OSXStandalone target not found
Native extension for WebGL target not found
Refreshing native plugins compatible for Editor in 0.32 ms, found 2 plugins.
Preloading 0 native plugins for Editor in 0.00 ms.
Mono: successfully reloaded assembly
- Completed reload, in  0.700 seconds
Platform modules already initialized, skipping
Refreshing native plugins compatible for Editor in 0.32 ms, found 2 plugins.
Preloading 0 native plugins for Editor in 0.00 ms.
Unloading 1602 Unused Serialized files (Serialized files now loaded: 0)
System memory in use before: 84.3 MB.
System memory in use after: 84.2 MB.

Unloading 14 unused Assets to reduce memory usage. Loaded Objects now: 2179.
Total: 1.560700 ms (FindLiveObjects: 0.131900 ms CreateObjectMapping: 0.042900 ms MarkObjects: 1.270400 ms  DeleteObjects: 0.114800 ms)

AssetImportParameters requested are different than current active one (requested -> active):
  custom:framework-win-MediaFoundation: 216162199b28c13a410421893ffa2e32 -> 
  custom:video-decoder-ogg-theora: a1e56fd34408186e4bbccfd4996cb3dc -> 
  custom:container-muxer-webm: aa71ff27fc2769a1b78a27578f13a17b -> 
  custom:container-demuxer-webm: 4f35f7cbe854078d1ac9338744f61a02 -> 
  custom:container-demuxer-ogg: 62fdf1f143b41e24485cea50d1cbac27 -> 
  custom:video-encoder-webm-vp8: eb34c28f22e8b96e1ab97ce403110664 -> 
  custom:video-codec-MediaFoundation-h265: 746d11721c4dcdbdad8f713fa42b33f4 -> 
  custom:video-decoder-webm-vp8: 9c59270c3fd7afecdb556c50c9e8de78 -> 
  custom:audio-decoder-ogg-vorbis: bf7c407c2cedff20999df2af8eb42d56 -> 
  custom:audio-encoder-webm-vorbis: bf7c407c2cedff20999df2af8eb42d56 -> 
========================================================================
Received Prepare
Registering precompiled user dll's ...
Registered in 0.003016 seconds.
Begin MonoManager ReloadAssembly
Native extension for WindowsStandalone target not found
Native extension for OSXStandalone target not found
Native extension for WebGL target not found
Refreshing native plugins compatible for Editor in 0.32 ms, found 2 plugins.
Preloading 0 native plugins for Editor in 0.00 ms.
Mono: successfully reloaded assembly
- Completed reload, in  0.694 seconds
Platform modules already initialized, skipping
Refreshing native plugins compatible for Editor in 0.33 ms, found 2 plugins.
Preloading 0 native plugins for Editor in 0.00 ms.
Unloading 1602 Unused Serialized files (Serialized files now loaded: 0)
System memory in use before: 84.3 MB.
System memory in use after: 84.2 MB.

Unloading 14 unused Assets to reduce memory usage. Loaded Objects now: 2182.
Total: 1.557600 ms (FindLiveObjects: 0.130100 ms CreateObjectMapping: 0.044900 ms MarkObjects: 1.274500 ms  DeleteObjects: 0.107200 ms)

AssetImportParameters requested are different than current active one (requested -> active):
  custom:framework-win-MediaFoundation: 216162199b28c13a410421893ffa2e32 -> 
  custom:video-decoder-ogg-theora: a1e56fd34408186e4bbccfd4996cb3dc -> 
  custom:container-muxer-webm: aa71ff27fc2769a1b78a27578f13a17b -> 
  custom:container-demuxer-webm: 4f35f7cbe854078d1ac9338744f61a02 -> 
  custom:container-demuxer-ogg: 62fdf1f143b41e24485cea50d1cbac27 -> 
  custom:video-encoder-webm-vp8: eb34c28f22e8b96e1ab97ce403110664 -> 
  custom:video-codec-MediaFoundation-h265: 746d11721c4dcdbdad8f713fa42b33f4 -> 
  custom:video-decoder-webm-vp8: 9c59270c3fd7afecdb556c50c9e8de78 -> 
  custom:audio-decoder-ogg-vorbis: bf7c407c2cedff20999df2af8eb42d56 -> 
  custom:audio-encoder-webm-vorbis: bf7c407c2cedff20999df2af8eb42d56 -> 
========================================================================
Received Prepare
Registering precompiled user dll's ...
Registered in 0.003186 seconds.
Begin MonoManager ReloadAssembly
Native extension for WindowsStandalone target not found
Native extension for OSXStandalone target not found
Native extension for WebGL target not found
Refreshing native plugins compatible for Editor in 0.32 ms, found 2 plugins.
Preloading 0 native plugins for Editor in 0.00 ms.
Mono: successfully reloaded assembly
- Completed reload, in  0.687 seconds
Platform modules already initialized, skipping
Refreshing native plugins compatible for Editor in 0.32 ms, found 2 plugins.
Preloading 0 native plugins for Editor in 0.00 ms.
Unloading 1602 Unused Serialized files (Serialized files now loaded: 0)
System memory in use before: 84.3 MB.
System memory in use after: 84.2 MB.

Unloading 14 unused Assets to reduce memory usage. Loaded Objects now: 2185.
Total: 1.661400 ms (FindLiveObjects: 0.150500 ms CreateObjectMapping: 0.052800 ms MarkObjects: 1.346000 ms  DeleteObjects: 0.111300 ms)

AssetImportParameters requested are different than current active one (requested -> active):
  custom:framework-win-MediaFoundation: 216162199b28c13a410421893ffa2e32 -> 
  custom:video-decoder-ogg-theora: a1e56fd34408186e4bbccfd4996cb3dc -> 
  custom:container-muxer-webm: aa71ff27fc2769a1b78a27578f13a17b -> 
  custom:container-demuxer-webm: 4f35f7cbe854078d1ac9338744f61a02 -> 
  custom:container-demuxer-ogg: 62fdf1f143b41e24485cea50d1cbac27 -> 
  custom:video-encoder-webm-vp8: eb34c28f22e8b96e1ab97ce403110664 -> 
  custom:video-codec-MediaFoundation-h265: 746d11721c4dcdbdad8f713fa42b33f4 -> 
  custom:video-decoder-webm-vp8: 9c59270c3fd7afecdb556c50c9e8de78 -> 
  custom:audio-decoder-ogg-vorbis: bf7c407c2cedff20999df2af8eb42d56 -> 
  custom:audio-encoder-webm-vorbis: bf7c407c2cedff20999df2af8eb42d56 -> 
========================================================================
Received Prepare
Registering precompiled user dll's ...
Registered in 0.003021 seconds.
Begin MonoManager ReloadAssembly
Native extension for WindowsStandalone target not found
Native extension for OSXStandalone target not found
Native extension for WebGL target not found
Refreshing native plugins compatible for Editor in 0.34 ms, found 2 plugins.
Preloading 0 native plugins for Editor in 0.00 ms.
Mono: successfully reloaded assembly
- Completed reload, in  0.694 seconds
Platform modules already initialized, skipping
Refreshing native plugins compatible for Editor in 0.36 ms, found 2 plugins.
Preloading 0 native plugins for Editor in 0.00 ms.
Unloading 1602 Unused Serialized files (Serialized files now loaded: 0)
System memory in use before: 84.4 MB.
System memory in use after: 84.2 MB.

Unloading 14 unused Assets to reduce memory usage. Loaded Objects now: 2188.
Total: 1.533400 ms (FindLiveObjects: 0.138500 ms CreateObjectMapping: 0.044400 ms MarkObjects: 1.239000 ms  DeleteObjects: 0.110700 ms)

AssetImportParameters requested are different than current active one (requested -> active):
  custom:framework-win-MediaFoundation: 216162199b28c13a410421893ffa2e32 -> 
  custom:video-decoder-ogg-theora: a1e56fd34408186e4bbccfd4996cb3dc -> 
  custom:container-muxer-webm: aa71ff27fc2769a1b78a27578f13a17b -> 
  custom:container-demuxer-webm: 4f35f7cbe854078d1ac9338744f61a02 -> 
  custom:container-demuxer-ogg: 62fdf1f143b41e24485cea50d1cbac27 -> 
  custom:video-encoder-webm-vp8: eb34c28f22e8b96e1ab97ce403110664 -> 
  custom:video-codec-MediaFoundation-h265: 746d11721c4dcdbdad8f713fa42b33f4 -> 
  custom:video-decoder-webm-vp8: 9c59270c3fd7afecdb556c50c9e8de78 -> 
  custom:audio-decoder-ogg-vorbis: bf7c407c2cedff20999df2af8eb42d56 -> 
  custom:audio-encoder-webm-vorbis: bf7c407c2cedff20999df2af8eb42d56 -> 
========================================================================
Received Import Request.
  Time since last request: 456.343450 seconds.
  path: Assets/Scripts/Character/TestRun.cs
  artifactKey: Guid(03997e72afabe2b43adb3e4e2e543da8) Importer(815301076,1909f56bfc062723c751e8b465ee728b)
Start importing Assets/Scripts/Character/TestRun.cs using Guid(03997e72afabe2b43adb3e4e2e543da8) Importer(815301076,1909f56bfc062723c751e8b465ee728b)  -> (artifact id: '919544a3e52c28cfeedbeae7ae76286b') in 0.003543 seconds 
  Import took 0.005513 seconds .

========================================================================
Received Prepare
Registering precompiled user dll's ...
Registered in 0.002993 seconds.
Begin MonoManager ReloadAssembly
Native extension for WindowsStandalone target not found
Native extension for OSXStandalone target not found
Native extension for WebGL target not found
Refreshing native plugins compatible for Editor in 0.32 ms, found 2 plugins.
Preloading 0 native plugins for Editor in 0.00 ms.
Mono: successfully reloaded assembly
- Completed reload, in  0.693 seconds
Platform modules already initialized, skipping
Refreshing native plugins compatible for Editor in 0.32 ms, found 2 plugins.
Preloading 0 native plugins for Editor in 0.00 ms.
Unloading 1602 Unused Serialized files (Serialized files now loaded: 0)
System memory in use before: 84.4 MB.
System memory in use after: 84.2 MB.

Unloading 14 unused Assets to reduce memory usage. Loaded Objects now: 2191.
Total: 1.576000 ms (FindLiveObjects: 0.144800 ms CreateObjectMapping: 0.045300 ms MarkObjects: 1.273000 ms  DeleteObjects: 0.112000 ms)

AssetImportParameters requested are different than current active one (requested -> active):
  custom:framework-win-MediaFoundation: 216162199b28c13a410421893ffa2e32 -> 
  custom:video-decoder-ogg-theora: a1e56fd34408186e4bbccfd4996cb3dc -> 
  custom:container-muxer-webm: aa71ff27fc2769a1b78a27578f13a17b -> 
  custom:container-demuxer-webm: 4f35f7cbe854078d1ac9338744f61a02 -> 
  custom:container-demuxer-ogg: 62fdf1f143b41e24485cea50d1cbac27 -> 
  custom:video-encoder-webm-vp8: eb34c28f22e8b96e1ab97ce403110664 -> 
  custom:video-codec-MediaFoundation-h265: 746d11721c4dcdbdad8f713fa42b33f4 -> 
  custom:video-decoder-webm-vp8: 9c59270c3fd7afecdb556c50c9e8de78 -> 
  custom:audio-decoder-ogg-vorbis: bf7c407c2cedff20999df2af8eb42d56 -> 
  custom:audio-encoder-webm-vorbis: bf7c407c2cedff20999df2af8eb42d56 -> 
